2021-01-14 10:23:29,848 - mimikko.py[line:148] - INFO: sign_data:
{'code': '0', 'body': {'date': None, 'signTime': None, 'Name': '——《虚构推理》', 'Description': '如果不得不总是怀着会与人关系破裂的不安以及揣着无法启齿的秘密而活着，心灵不会腐蚀掉吗？', 'PictureUrl': 'https://mimikko.oss-cn-shanghai.aliyuncs.com/file/20210111/20210111191720_cy2b.jpg', 'Reward': 50, 'GetCoin': 7, 'GetExp': 0}}
2021-01-14 10:23:29,849 - mimikko.py[line:158] - INFO: energy_info_data:
{'code': '0', 'msg': '操作成功', 'body': {'Favorability': 114887, 'MaxFavorability': 136000, 'Level': 4, 'LevelDescription': '四级', 'Energy': 0, 'MaxEnergy': 100, 'AssistLevels': [{'value': 1, 'maxSensitivity': 10000, 'description': '一级'}, {'value': 2, 'maxSensitivity': 36000, 'description': '二级'}, {'value': 3, 'maxSensitivity': 78000, 'description': '三级'}, {'value': 4, 'maxSensitivity': 136000, 'description': '四级'}], 'NicekNames': [], 'code': 'ruri'}, 'ok': True}
2021-01-14 10:23:29,849 - mimikko.py[line:167] - INFO: energy_reward_data:
您的能量值不足，无法兑换
2021-01-14 10:23:29,849 - mimikko.py[line:174] - INFO: sign_history:
{'code': '0', 'body': {'startTime': 1610619809702, 'endTime': 1607961600000, 'registrationDate': None, 'signLogs': [{'signDate': 1610557071000}, {'signDate': 1610470028000}, {'signDate': 1610383300000}, {'signDate': 1610297187000}, {'signDate': 1610210449000}, {'signDate': 1610124060000}, {'signDate': 1610037502000}, {'signDate': 1609951064000}, {'signDate': 1609864947000}, {'signDate': 1609778146000}, {'signDate': 1609691619000}, {'signDate': 1609605159000}, {'signDate': 1609518817000}, {'signDate': 1609432598000}, {'signDate': 1609345999000}, {'signDate': 1609259633000}, {'signDate': 1609173032000}, {'signDate': 1609086487000}, {'signDate': 1609000124000}, {'signDate': 1608913701000}, {'signDate': 1608827582000}, {'signDate': 1608741135000}, {'signDate': 1608654813000}, {'signDate': 1608568539000}, {'signDate': 1608481442000}, {'signDate': 1608395091000}, {'signDate': 1608308775000}, {'signDate': 1608222172000}, {'signDate': 1608135811000}, {'signDate': 1608049341000}, {'signDate': 1607962641000}]}}
2021-01-14 10:24:11,846 - mimikko.py[line:148] - INFO: sign_data:
{'code': '0', 'body': {'date': None, 'signTime': None, 'Name': '——《虚构推理》', 'Description': '如果不得不总是怀着会与人关系破裂的不安以及揣着无法启齿的秘密而活着，心灵不会腐蚀掉吗？', 'PictureUrl': 'https://mimikko.oss-cn-shanghai.aliyuncs.com/file/20210111/20210111191720_cy2b.jpg', 'Reward': 50, 'GetCoin': 7, 'GetExp': 0}}
2021-01-14 10:24:11,847 - mimikko.py[line:158] - INFO: energy_info_data:
{'code': '0', 'msg': '操作成功', 'body': {'Favorability': 114887, 'MaxFavorability': 136000, 'Level': 4, 'LevelDescription': '四级', 'Energy': 0, 'MaxEnergy': 100, 'AssistLevels': [{'value': 1, 'maxSensitivity': 10000, 'description': '一级'}, {'value': 2, 'maxSensitivity': 36000, 'description': '二级'}, {'value': 3, 'maxSensitivity': 78000, 'description': '三级'}, {'value': 4, 'maxSensitivity': 136000, 'description': '四级'}], 'NicekNames': [], 'code': 'ruri'}, 'ok': True}
2021-01-14 10:24:11,847 - mimikko.py[line:167] - INFO: energy_reward_data:
您的能量值不足，无法兑换
2021-01-14 10:24:11,848 - mimikko.py[line:174] - INFO: sign_history:
{'code': '0', 'body': {'startTime': 1610619851697, 'endTime': 1607961600000, 'registrationDate': None, 'signLogs': [{'signDate': 1610557071000}, {'signDate': 1610470028000}, {'signDate': 1610383300000}, {'signDate': 1610297187000}, {'signDate': 1610210449000}, {'signDate': 1610124060000}, {'signDate': 1610037502000}, {'signDate': 1609951064000}, {'signDate': 1609864947000}, {'signDate': 1609778146000}, {'signDate': 1609691619000}, {'signDate': 1609605159000}, {'signDate': 1609518817000}, {'signDate': 1609432598000}, {'signDate': 1609345999000}, {'signDate': 1609259633000}, {'signDate': 1609173032000}, {'signDate': 1609086487000}, {'signDate': 1609000124000}, {'signDate': 1608913701000}, {'signDate': 1608827582000}, {'signDate': 1608741135000}, {'signDate': 1608654813000}, {'signDate': 1608568539000}, {'signDate': 1608481442000}, {'signDate': 1608395091000}, {'signDate': 1608308775000}, {'signDate': 1608222172000}, {'signDate': 1608135811000}, {'signDate': 1608049341000}, {'signDate': 1607962641000}]}}
2021-01-14 10:24:55,847 - mimikko.py[line:148] - INFO: sign_data:
{'code': '0', 'body': {'date': None, 'signTime': None, 'Name': '——《虚构推理》', 'Description': '如果不得不总是怀着会与人关系破裂的不安以及揣着无法启齿的秘密而活着，心灵不会腐蚀掉吗？', 'PictureUrl': 'https://mimikko.oss-cn-shanghai.aliyuncs.com/file/20210111/20210111191720_cy2b.jpg', 'Reward': 50, 'GetCoin': 7, 'GetExp': 0}}
2021-01-14 10:24:55,847 - mimikko.py[line:158] - INFO: energy_info_data:
{'code': '0', 'msg': '操作成功', 'body': {'Favorability': 114887, 'MaxFavorability': 136000, 'Level': 4, 'LevelDescription': '四级', 'Energy': 0, 'MaxEnergy': 100, 'AssistLevels': [{'value': 1, 'maxSensitivity': 10000, 'description': '一级'}, {'value': 2, 'maxSensitivity': 36000, 'description': '二级'}, {'value': 3, 'maxSensitivity': 78000, 'description': '三级'}, {'value': 4, 'maxSensitivity': 136000, 'description': '四级'}], 'NicekNames': [], 'code': 'ruri'}, 'ok': True}
2021-01-14 10:24:55,847 - mimikko.py[line:167] - INFO: energy_reward_data:
您的能量值不足，无法兑换
2021-01-14 10:24:55,847 - mimikko.py[line:174] - INFO: sign_history:
{'code': '0', 'body': {'startTime': 1610619895694, 'endTime': 1607961600000, 'registrationDate': None, 'signLogs': [{'signDate': 1610557071000}, {'signDate': 1610470028000}, {'signDate': 1610383300000}, {'signDate': 1610297187000}, {'signDate': 1610210449000}, {'signDate': 1610124060000}, {'signDate': 1610037502000}, {'signDate': 1609951064000}, {'signDate': 1609864947000}, {'signDate': 1609778146000}, {'signDate': 1609691619000}, {'signDate': 1609605159000}, {'signDate': 1609518817000}, {'signDate': 1609432598000}, {'signDate': 1609345999000}, {'signDate': 1609259633000}, {'signDate': 1609173032000}, {'signDate': 1609086487000}, {'signDate': 1609000124000}, {'signDate': 1608913701000}, {'signDate': 1608827582000}, {'signDate': 1608741135000}, {'signDate': 1608654813000}, {'signDate': 1608568539000}, {'signDate': 1608481442000}, {'signDate': 1608395091000}, {'signDate': 1608308775000}, {'signDate': 1608222172000}, {'signDate': 1608135811000}, {'signDate': 1608049341000}, {'signDate': 1607962641000}]}}
2021-01-14 10:25:44,394 - mimikko.py[line:148] - INFO: sign_data:
{'code': '0', 'body': {'date': None, 'signTime': None, 'Name': '——《虚构推理》', 'Description': '如果不得不总是怀着会与人关系破裂的不安以及揣着无法启齿的秘密而活着，心灵不会腐蚀掉吗？', 'PictureUrl': 'https://mimikko.oss-cn-shanghai.aliyuncs.com/file/20210111/20210111191720_cy2b.jpg', 'Reward': 50, 'GetCoin': 7, 'GetExp': 0}}
2021-01-14 10:25:44,394 - mimikko.py[line:158] - INFO: energy_info_data:
{'code': '0', 'msg': '操作成功', 'body': {'Favorability': 114887, 'MaxFavorability': 136000, 'Level': 4, 'LevelDescription': '四级', 'Energy': 0, 'MaxEnergy': 100, 'AssistLevels': [{'value': 1, 'maxSensitivity': 10000, 'description': '一级'}, {'value': 2, 'maxSensitivity': 36000, 'description': '二级'}, {'value': 3, 'maxSensitivity': 78000, 'description': '三级'}, {'value': 4, 'maxSensitivity': 136000, 'description': '四级'}], 'NicekNames': [], 'code': 'ruri'}, 'ok': True}
2021-01-14 10:25:44,394 - mimikko.py[line:167] - INFO: energy_reward_data:
您的能量值不足，无法兑换
2021-01-14 10:25:44,394 - mimikko.py[line:174] - INFO: sign_history:
{'code': '0', 'body': {'startTime': 1610619944244, 'endTime': 1607961600000, 'registrationDate': None, 'signLogs': [{'signDate': 1610557071000}, {'signDate': 1610470028000}, {'signDate': 1610383300000}, {'signDate': 1610297187000}, {'signDate': 1610210449000}, {'signDate': 1610124060000}, {'signDate': 1610037502000}, {'signDate': 1609951064000}, {'signDate': 1609864947000}, {'signDate': 1609778146000}, {'signDate': 1609691619000}, {'signDate': 1609605159000}, {'signDate': 1609518817000}, {'signDate': 1609432598000}, {'signDate': 1609345999000}, {'signDate': 1609259633000}, {'signDate': 1609173032000}, {'signDate': 1609086487000}, {'signDate': 1609000124000}, {'signDate': 1608913701000}, {'signDate': 1608827582000}, {'signDate': 1608741135000}, {'signDate': 1608654813000}, {'signDate': 1608568539000}, {'signDate': 1608481442000}, {'signDate': 1608395091000}, {'signDate': 1608308775000}, {'signDate': 1608222172000}, {'signDate': 1608135811000}, {'signDate': 1608049341000}, {'signDate': 1607962641000}]}}
2021-01-14 16:58:11,093 - mimikko.py[line:148] - INFO: sign_data:
{'code': '0', 'body': {'date': '2021-01-15T00:58:04+0800', 'signTime': 1610643484439, 'Name': '——《死神》', 'Description': '我当然知道，没有比崇拜自己的人更容易操纵的了，所以我才推荐她当我的部下。现在是个好机会，有件事情你要记住，日番谷。憧憬……是距离理解最遥远的感情。', 'PictureUrl': 'https://mimikko.oss-cn-shanghai.aliyuncs.com/file/20210111/20210111191749_ypmu.jpg', 'Reward': 50, 'GetCoin': 7, 'GetExp': 95}}
2021-01-14 16:58:11,094 - mimikko.py[line:158] - INFO: energy_info_data:
{'code': '0', 'msg': '操作成功', 'body': {'Favorability': 114937, 'MaxFavorability': 136000, 'Level': 4, 'LevelDescription': '四级', 'Energy': 12, 'MaxEnergy': 100, 'AssistLevels': [{'value': 1, 'maxSensitivity': 10000, 'description': '一级'}, {'value': 2, 'maxSensitivity': 36000, 'description': '二级'}, {'value': 3, 'maxSensitivity': 78000, 'description': '三级'}, {'value': 4, 'maxSensitivity': 136000, 'description': '四级'}], 'NicekNames': [], 'code': 'ruri'}, 'ok': True}
2021-01-14 16:58:11,094 - mimikko.py[line:167] - INFO: energy_reward_data:
{'code': '0', 'msg': '操作成功', 'body': {'Favorability': 114949, 'MaxFavorability': 136000, 'Level': 4, 'LevelDescription': '四级', 'Energy': 0, 'MaxEnergy': 100, 'AssistLevels': [{'value': 1, 'maxSensitivity': 10000, 'description': '一级'}, {'value': 2, 'maxSensitivity': 36000, 'description': '二级'}, {'value': 3, 'maxSensitivity': 78000, 'description': '三级'}, {'value': 4, 'maxSensitivity': 136000, 'description': '四级'}], 'NicekNames': [], 'code': 'ruri'}, 'ok': True}
2021-01-14 16:58:11,094 - mimikko.py[line:174] - INFO: sign_history:
{'code': '0', 'body': {'startTime': 1610643490968, 'endTime': 1608048000000, 'registrationDate': None, 'signLogs': [{'signDate': 1610643484000}, {'signDate': 1610557071000}, {'signDate': 1610470028000}, {'signDate': 1610383300000}, {'signDate': 1610297187000}, {'signDate': 1610210449000}, {'signDate': 1610124060000}, {'signDate': 1610037502000}, {'signDate': 1609951064000}, {'signDate': 1609864947000}, {'signDate': 1609778146000}, {'signDate': 1609691619000}, {'signDate': 1609605159000}, {'signDate': 1609518817000}, {'signDate': 1609432598000}, {'signDate': 1609345999000}, {'signDate': 1609259633000}, {'signDate': 1609173032000}, {'signDate': 1609086487000}, {'signDate': 1609000124000}, {'signDate': 1608913701000}, {'signDate': 1608827582000}, {'signDate': 1608741135000}, {'signDate': 1608654813000}, {'signDate': 1608568539000}, {'signDate': 1608481442000}, {'signDate': 1608395091000}, {'signDate': 1608308775000}, {'signDate': 1608222172000}, {'signDate': 1608135811000}, {'signDate': 1608049341000}]}}
2021-01-15 20:35:27,708 - w:/github/mimikkoAutoSignIn/mimikko.py[line:77] - WARNING: 缺少必要参数！！！(Bot插件版忽略此错误)
2021-01-15 20:35:42,997 - w:/github/mimikkoAutoSignIn/mimikko.py[line:161] - INFO: sign_data:
{'code': '0', 'body': {'date': None, 'signTime': None, 'Name': '——《死神》', 'Description': '我当然知道，没有比崇拜自己的人更容易操纵的了，所以我才推荐她当我的部下。现在是个好机会，有件事情你要记住，日番谷。憧憬……是距离理解最遥远的感情。', 'PictureUrl': 'https://mimikko.oss-cn-shanghai.aliyuncs.com/file/20210111/20210111191749_ypmu.jpg', 'Reward': 50, 'GetCoin': 7, 'GetExp': 0}}
2021-01-15 20:35:42,003 - w:/github/mimikkoAutoSignIn/mimikko.py[line:171] - INFO: energy_info_data:
{'code': '0', 'msg': '操作成功', 'body': {'Favorability': 114973, 'MaxFavorability': 136000, 'Level': 4, 'LevelDescription': '四级', 'Energy': 0, 'MaxEnergy': 100, 'AssistLevels': [{'value': 1, 'maxSensitivity': 10000, 'description': '一级'}, {'value': 2, 'maxSensitivity': 36000, 'description': '二级'}, {'value': 3, 'maxSensitivity': 78000, 'description': '三级'}, {'value': 4, 'maxSensitivity': 136000, 'description': '四级'}], 'NicekNames': [], 'code': 'ruri'}, 'ok': True}
2021-01-15 20:35:42,069 - w:/github/mimikkoAutoSignIn/mimikko.py[line:180] - INFO: energy_reward_data:
您的能量值不足，无法兑换
2021-01-15 20:35:42,072 - w:/github/mimikkoAutoSignIn/mimikko.py[line:187] - INFO: sign_history:
{'code': '0', 'body': {'startTime': 1610685343038, 'endTime': 1608048000000, 'registrationDate': None, 'signLogs': [{'signDate': 1610643484000}, {'signDate': 1610557071000}, {'signDate': 1610470028000}, {'signDate': 1610383300000}, {'signDate': 1610297187000}, {'signDate': 1610210449000}, {'signDate': 1610124060000}, {'signDate': 1610037502000}, {'signDate': 1609951064000}, {'signDate': 1609864947000}, {'signDate': 1609778146000}, {'signDate': 1609691619000}, {'signDate': 1609605159000}, {'signDate': 1609518817000}, {'signDate': 1609432598000}, {'signDate': 1609345999000}, {'signDate': 1609259633000}, {'signDate': 1609173032000}, {'signDate': 1609086487000}, {'signDate': 1609000124000}, {'signDate': 1608913701000}, {'signDate': 1608827582000}, {'signDate': 1608741135000}, {'signDate': 1608654813000}, {'signDate': 1608568539000}, {'signDate': 1608481442000}, {'signDate': 1608395091000}, {'signDate': 1608308775000}, {'signDate': 1608222172000}, {'signDate': 1608135811000}, {'signDate': 1608049341000}]}}
2021-01-15 12:37:10,107 - mimikko.py[line:161] - INFO: sign_data:
{'code': '0', 'body': {'date': None, 'signTime': None, 'Name': '——《死神》', 'Description': '我当然知道，没有比崇拜自己的人更容易操纵的了，所以我才推荐她当我的部下。现在是个好机会，有件事情你要记住，日番谷。憧憬……是距离理解最遥远的感情。', 'PictureUrl': 'https://mimikko.oss-cn-shanghai.aliyuncs.com/file/20210111/20210111191749_ypmu.jpg', 'Reward': 50, 'GetCoin': 7, 'GetExp': 0}}
2021-01-15 12:37:10,107 - mimikko.py[line:171] - INFO: energy_info_data:
{'code': '0', 'msg': '操作成功', 'body': {'Favorability': 114973, 'MaxFavorability': 136000, 'Level': 4, 'LevelDescription': '四级', 'Energy': 0, 'MaxEnergy': 100, 'AssistLevels': [{'value': 1, 'maxSensitivity': 10000, 'description': '一级'}, {'value': 2, 'maxSensitivity': 36000, 'description': '二级'}, {'value': 3, 'maxSensitivity': 78000, 'description': '三级'}, {'value': 4, 'maxSensitivity': 136000, 'description': '四级'}], 'NicekNames': [], 'code': 'ruri'}, 'ok': True}
2021-01-15 12:37:10,107 - mimikko.py[line:180] - INFO: energy_reward_data:
您的能量值不足，无法兑换
2021-01-15 12:37:10,107 - mimikko.py[line:187] - INFO: sign_history:
{'code': '0', 'body': {'startTime': 1610685429951, 'endTime': 1608048000000, 'registrationDate': None, 'signLogs': [{'signDate': 1610643484000}, {'signDate': 1610557071000}, {'signDate': 1610470028000}, {'signDate': 1610383300000}, {'signDate': 1610297187000}, {'signDate': 1610210449000}, {'signDate': 1610124060000}, {'signDate': 1610037502000}, {'signDate': 1609951064000}, {'signDate': 1609864947000}, {'signDate': 1609778146000}, {'signDate': 1609691619000}, {'signDate': 1609605159000}, {'signDate': 1609518817000}, {'signDate': 1609432598000}, {'signDate': 1609345999000}, {'signDate': 1609259633000}, {'signDate': 1609173032000}, {'signDate': 1609086487000}, {'signDate': 1609000124000}, {'signDate': 1608913701000}, {'signDate': 1608827582000}, {'signDate': 1608741135000}, {'signDate': 1608654813000}, {'signDate': 1608568539000}, {'signDate': 1608481442000}, {'signDate': 1608395091000}, {'signDate': 1608308775000}, {'signDate': 1608222172000}, {'signDate': 1608135811000}, {'signDate': 1608049341000}]}}
